<?xml version="1.0" encoding="UTF-8"?>
<testsuite name="Group14.GIC_Cafe.GicCafeApplicationTests" tests="1" skipped="0" failures="0" errors="0" timestamp="2023-05-07T06:02:23" hostname="DESKTOP-L2I4456" time="1.267">
  <properties/>
  <testcase name="contextLoads()" classname="Group14.GIC_Cafe.GicCafeApplicationTests" time="1.267"/>
  <system-out><![CDATA[13:02:15.190 [Test worker] INFO org.springframework.test.context.support.AnnotationConfigContextLoaderUtils -- Could not detect default configuration classes for test class [Group14.GIC_Cafe.GicCafeApplicationTests]: GicCafeApplicationTests does not declare any static, non-private, non-final, nested classes annotated with @Configuration.
13:02:15.387 [Test worker] INFO org.springframework.boot.test.context.SpringBootTestContextBootstrapper -- Found @SpringBootConfiguration Group14.GIC_Cafe.GicCafeApplication for test class Group14.GIC_Cafe.GicCafeApplicationTests

  .   ____          _            __ _ _
 /\\ / ___'_ __ _ _(_)_ __  __ _ \ \ \ \
( ( )\___ | '_ | '_| | '_ \/ _` | \ \ \ \
 \\/  ___)| |_)| | | | | || (_| |  ) ) ) )
  '  |____| .__|_| |_|_| |_\__, | / / / /
 =========|_|==============|___/=/_/_/_/
 :: Spring Boot ::       (v3.1.0-SNAPSHOT)

2023-05-07T13:02:16.188+07:00  INFO 10636 --- [    Test worker] G.GIC_Cafe.GicCafeApplicationTests       : Starting GicCafeApplicationTests using Java 18.0.2 with PID 10636 (started by User in D:\Midterm-SE-GIC-Cafe-Project-Group14\GIC_Cafe)
2023-05-07T13:02:16.192+07:00  INFO 10636 --- [    Test worker] G.GIC_Cafe.GicCafeApplicationTests       : No active profile set, falling back to 1 default profile: "default"
2023-05-07T13:02:18.247+07:00  INFO 10636 --- [    Test worker] .s.d.r.c.RepositoryConfigurationDelegate : Bootstrapping Spring Data JPA repositories in DEFAULT mode.
2023-05-07T13:02:18.289+07:00  INFO 10636 --- [    Test worker] .s.d.r.c.RepositoryConfigurationDelegate : Finished Spring Data repository scanning in 28 ms. Found 0 JPA repository interfaces.
2023-05-07T13:02:19.274+07:00  INFO 10636 --- [    Test worker] o.hibernate.jpa.internal.util.LogHelper  : HHH000204: Processing PersistenceUnitInfo [name: default]
2023-05-07T13:02:19.407+07:00  INFO 10636 --- [    Test worker] org.hibernate.Version                    : HHH000412: Hibernate ORM core version 6.2.2.Final
2023-05-07T13:02:19.411+07:00  INFO 10636 --- [    Test worker] org.hibernate.cfg.Environment            : HHH000406: Using bytecode reflection optimizer
2023-05-07T13:02:19.708+07:00  INFO 10636 --- [    Test worker] o.h.b.i.BytecodeProviderInitiator        : HHH000021: Bytecode provider name : bytebuddy
2023-05-07T13:02:20.041+07:00  INFO 10636 --- [    Test worker] o.s.o.j.p.SpringPersistenceUnitInfo      : No LoadTimeWeaver setup: ignoring JPA class transformer
2023-05-07T13:02:20.077+07:00  INFO 10636 --- [    Test worker] com.zaxxer.hikari.HikariDataSource       : HikariPool-1 - Starting...
2023-05-07T13:02:20.502+07:00  INFO 10636 --- [    Test worker] com.zaxxer.hikari.pool.HikariPool        : HikariPool-1 - Added connection com.mysql.cj.jdbc.ConnectionImpl@46e388ec
2023-05-07T13:02:20.508+07:00  INFO 10636 --- [    Test worker] com.zaxxer.hikari.HikariDataSource       : HikariPool-1 - Start completed.
2023-05-07T13:02:20.627+07:00  WARN 10636 --- [    Test worker] org.hibernate.dialect.Dialect            : HHH000511: The 5.5.0 version for [org.hibernate.dialect.MySQLDialect] is no longer supported, hence certain features may not work properly. The minimum supported version is 5.7.0. Check the community dialects project for available legacy versions.
2023-05-07T13:02:20.638+07:00  INFO 10636 --- [    Test worker] org.hibernate.orm.dialect                : HHH035001: Using dialect: org.hibernate.dialect.MySQLDialect, version: 5.5
2023-05-07T13:02:20.839+07:00  INFO 10636 --- [    Test worker] o.h.b.i.BytecodeProviderInitiator        : HHH000021: Bytecode provider name : bytebuddy
2023-05-07T13:02:21.302+07:00  INFO 10636 --- [    Test worker] o.h.e.t.j.p.i.JtaPlatformInitiator       : HHH000490: Using JtaPlatform implementation: [org.hibernate.engine.transaction.jta.platform.internal.NoJtaPlatform]
2023-05-07T13:02:21.310+07:00  INFO 10636 --- [    Test worker] j.LocalContainerEntityManagerFactoryBean : Initialized JPA EntityManagerFactory for persistence unit 'default'
2023-05-07T13:02:21.659+07:00  WARN 10636 --- [    Test worker] JpaBaseConfiguration$JpaWebConfiguration : spring.jpa.open-in-view is enabled by default. Therefore, database queries may be performed during view rendering. Explicitly configure spring.jpa.open-in-view to disable this warning
2023-05-07T13:02:23.164+07:00  INFO 10636 --- [    Test worker] o.s.b.a.e.web.EndpointLinksResolver      : Exposing 1 endpoint(s) beneath base path '/actuator'
2023-05-07T13:02:23.319+07:00  INFO 10636 --- [    Test worker] G.GIC_Cafe.GicCafeApplicationTests       : Started GicCafeApplicationTests in 7.632 seconds (process running for 10.19)
]]></system-out>
  <system-err><![CDATA[]]></system-err>
</testsuite>
