<?xml version="1.0" encoding="UTF-8"?>
<testsuite name="Group14.GIC_Cafe.GicCafeApplicationTests" tests="1" skipped="0" failures="0" errors="0" timestamp="2023-05-04T05:52:15" hostname="DESKTOP-L2I4456" time="1.766">
  <properties/>
  <testcase name="contextLoads()" classname="Group14.GIC_Cafe.GicCafeApplicationTests" time="1.766"/>
  <system-out><![CDATA[12:52:03.866 [Test worker] INFO org.springframework.test.context.support.AnnotationConfigContextLoaderUtils -- Could not detect default configuration classes for test class [Group14.GIC_Cafe.GicCafeApplicationTests]: GicCafeApplicationTests does not declare any static, non-private, non-final, nested classes annotated with @Configuration.
12:52:04.047 [Test worker] INFO org.springframework.boot.test.context.SpringBootTestContextBootstrapper -- Found @SpringBootConfiguration Group14.GIC_Cafe.GicCafeApplication for test class Group14.GIC_Cafe.GicCafeApplicationTests

  .   ____          _            __ _ _
 /\\ / ___'_ __ _ _(_)_ __  __ _ \ \ \ \
( ( )\___ | '_ | '_| | '_ \/ _` | \ \ \ \
 \\/  ___)| |_)| | | | | || (_| |  ) ) ) )
  '  |____| .__|_| |_|_| |_\__, | / / / /
 =========|_|==============|___/=/_/_/_/
 :: Spring Boot ::       (v3.1.0-SNAPSHOT)

2023-05-04T12:52:04.813+07:00  INFO 20172 --- [    Test worker] G.GIC_Cafe.GicCafeApplicationTests       : Starting GicCafeApplicationTests using Java 18.0.2 with PID 20172 (started by User in D:\Midterm-SE-GIC-Cafe-Project-Group14\GIC_Cafe)
2023-05-04T12:52:04.818+07:00  INFO 20172 --- [    Test worker] G.GIC_Cafe.GicCafeApplicationTests       : No active profile set, falling back to 1 default profile: "default"
2023-05-04T12:52:06.752+07:00  INFO 20172 --- [    Test worker] .s.d.r.c.RepositoryConfigurationDelegate : Bootstrapping Spring Data JPA repositories in DEFAULT mode.
2023-05-04T12:52:06.802+07:00  INFO 20172 --- [    Test worker] .s.d.r.c.RepositoryConfigurationDelegate : Finished Spring Data repository scanning in 33 ms. Found 0 JPA repository interfaces.
2023-05-04T12:52:08.071+07:00  INFO 20172 --- [    Test worker] o.hibernate.jpa.internal.util.LogHelper  : HHH000204: Processing PersistenceUnitInfo [name: default]
2023-05-04T12:52:08.320+07:00  INFO 20172 --- [    Test worker] org.hibernate.Version                    : HHH000412: Hibernate ORM core version 6.2.1.Final
2023-05-04T12:52:08.335+07:00  INFO 20172 --- [    Test worker] org.hibernate.cfg.Environment            : HHH000406: Using bytecode reflection optimizer
2023-05-04T12:52:08.879+07:00  INFO 20172 --- [    Test worker] o.h.b.i.BytecodeProviderInitiator        : HHH000021: Bytecode provider name : bytebuddy
2023-05-04T12:52:09.207+07:00  INFO 20172 --- [    Test worker] o.s.o.j.p.SpringPersistenceUnitInfo      : No LoadTimeWeaver setup: ignoring JPA class transformer
2023-05-04T12:52:09.251+07:00  INFO 20172 --- [    Test worker] com.zaxxer.hikari.HikariDataSource       : HikariPool-1 - Starting...
2023-05-04T12:52:09.724+07:00  INFO 20172 --- [    Test worker] com.zaxxer.hikari.pool.HikariPool        : HikariPool-1 - Added connection com.mysql.cj.jdbc.ConnectionImpl@145a821d
2023-05-04T12:52:09.733+07:00  INFO 20172 --- [    Test worker] com.zaxxer.hikari.HikariDataSource       : HikariPool-1 - Start completed.
2023-05-04T12:52:10.051+07:00  WARN 20172 --- [    Test worker] org.hibernate.dialect.Dialect            : HHH000511: The 5.5.0 version for [org.hibernate.dialect.MySQLDialect] is no longer supported, hence certain features may not work properly. The minimum supported version is 5.7.0. Check the community dialects project for available legacy versions.
2023-05-04T12:52:10.061+07:00  INFO 20172 --- [    Test worker] SQL dialect                              : HHH000400: Using dialect: org.hibernate.dialect.MySQLDialect, version: 5.5
2023-05-04T12:52:10.409+07:00  INFO 20172 --- [    Test worker] o.h.b.i.BytecodeProviderInitiator        : HHH000021: Bytecode provider name : bytebuddy
2023-05-04T12:52:11.242+07:00  INFO 20172 --- [    Test worker] o.h.e.t.j.p.i.JtaPlatformInitiator       : HHH000490: Using JtaPlatform implementation: [org.hibernate.engine.transaction.jta.platform.internal.NoJtaPlatform]
2023-05-04T12:52:11.262+07:00  INFO 20172 --- [    Test worker] j.LocalContainerEntityManagerFactoryBean : Initialized JPA EntityManagerFactory for persistence unit 'default'
2023-05-04T12:52:11.913+07:00  WARN 20172 --- [    Test worker] JpaBaseConfiguration$JpaWebConfiguration : spring.jpa.open-in-view is enabled by default. Therefore, database queries may be performed during view rendering. Explicitly configure spring.jpa.open-in-view to disable this warning
2023-05-04T12:52:15.444+07:00  INFO 20172 --- [    Test worker] o.s.b.a.e.web.EndpointLinksResolver      : Exposing 1 endpoint(s) beneath base path '/actuator'
2023-05-04T12:52:15.755+07:00  INFO 20172 --- [    Test worker] G.GIC_Cafe.GicCafeApplicationTests       : Started GicCafeApplicationTests in 11.415 seconds (process running for 14.014)
]]></system-out>
  <system-err><![CDATA[]]></system-err>
</testsuite>
